SF:lib\main.dart
DA:5,1
DA:6,1
DA:10,2
DA:12,2
DA:13,2
DA:20,2
DA:22,2
DA:23,4
DA:24,4
DA:25,4
DA:26,4
DA:27,4
DA:30,2
DA:33,2
DA:34,2
DA:35,2
DA:36,2
DA:37,2
DA:38,2
DA:39,0
DA:48,6
DA:57,2
DA:60,2
DA:62,2
DA:63,4
DA:64,2
DA:65,2
DA:67,10
DA:75,2
DA:78,0
DA:79,0
DA:87,0
DA:89,0
DA:90,0
DA:93,0
DA:94,0
DA:96,0
DA:97,0
DA:99,0
DA:101,0
DA:105,0
DA:107,0
DA:109,0
DA:111,0
DA:112,0
DA:114,0
DA:116,0
DA:124,2
DA:127,0
DA:129,0
DA:131,0
DA:132,0
DA:133,0
DA:134,0
DA:135,0
DA:136,0
DA:137,0
DA:138,0
DA:140,0
DA:141,0
DA:142,0
DA:143,0
DA:144,0
DA:145,0
DA:146,0
DA:147,0
DA:148,0
DA:149,0
DA:164,2
DA:167,0
DA:169,0
DA:174,2
DA:177,0
DA:179,0
DA:184,0
DA:188,0
DA:190,0
DA:191,0
DA:192,0
DA:193,0
DA:194,0
DA:195,0
DA:196,0
DA:197,0
DA:198,0
DA:206,2
DA:210,2
DA:212,2
DA:214,2
DA:215,2
DA:216,10
DA:218,6
LF:92
LH:38
end_of_record
SF:lib\src\api.dart
DA:5,4
DA:10,4
DA:11,0
DA:12,0
DA:13,0
DA:15,0
DA:16,0
DA:19,0
DA:20,0
DA:24,0
DA:29,2
DA:30,8
DA:31,2
DA:34,0
DA:35,0
DA:36,0
DA:37,0
DA:38,0
DA:41,0
DA:42,0
DA:43,0
DA:44,0
DA:45,0
DA:47,0
DA:50,2
DA:51,2
DA:52,0
DA:53,0
DA:56,2
DA:57,4
DA:58,8
DA:59,6
LF:32
LH:11
end_of_record
